2022-06-13 13:05:39.882  INFO 2440 --- [main] com.example.bvs.BvsApplication           : Starting BvsApplication using Java 17.0.2 on Ahmed-Fouad with PID 2440 (C:\workspace\Bvs\target\classes started by Ahmed.fouad in C:\workspace\Bvs)
2022-06-13 13:05:39.932  INFO 2440 --- [main] com.example.bvs.BvsApplication           : The following profiles are active: local
2022-06-13 13:05:42.359  INFO 2440 --- [main] .s.d.r.c.RepositoryConfigurationDelegate : Bootstrapping Spring Data JPA repositories in DEFAULT mode.
2022-06-13 13:05:42.519  INFO 2440 --- [main] .s.d.r.c.RepositoryConfigurationDelegate : Finished Spring Data repository scanning in 131 ms. Found 1 JPA repository interfaces.
2022-06-13 13:05:44.129  INFO 2440 --- [main] o.s.b.w.embedded.tomcat.TomcatWebServer  : Tomcat initialized with port(s): 8080 (http)
2022-06-13 13:05:44.170  INFO 2440 --- [main] o.apache.catalina.core.StandardService   : Starting service [Tomcat]
2022-06-13 13:05:44.171  INFO 2440 --- [main] org.apache.catalina.core.StandardEngine  : Starting Servlet engine: [Apache Tomcat/9.0.41]
2022-06-13 13:05:44.420  INFO 2440 --- [main] o.a.c.c.C.[Tomcat].[localhost].[/]       : Initializing Spring embedded WebApplicationContext
2022-06-13 13:05:44.420  INFO 2440 --- [main] w.s.c.ServletWebServerApplicationContext : Root WebApplicationContext: initialization completed in 4300 ms
2022-06-13 13:05:44.722  INFO 2440 --- [main] com.zaxxer.hikari.HikariDataSource       : HikariPool-1 - Starting...
2022-06-13 13:05:46.009  INFO 2440 --- [main] com.zaxxer.hikari.HikariDataSource       : HikariPool-1 - Start completed.
2022-06-13 13:05:51.056  INFO 2440 --- [main] l.lockservice.StandardLockService        : Successfully acquired change log lock
2022-06-13 13:05:52.118  INFO 2440 --- [main] l.c.StandardChangeLogHistoryService      : Reading from bvs.DATABASECHANGELOG
2022-06-13 13:05:52.176  INFO 2440 --- [main] l.lockservice.StandardLockService        : Successfully released change log lock
2022-06-13 13:05:52.524  INFO 2440 --- [main] o.hibernate.jpa.internal.util.LogHelper  : HHH000204: Processing PersistenceUnitInfo [name: default]
2022-06-13 13:05:52.682  INFO 2440 --- [main] org.hibernate.Version                    : HHH000412: Hibernate ORM core version 5.4.27.Final
2022-06-13 13:05:53.115  INFO 2440 --- [main] o.hibernate.annotations.common.Version   : HCANN000001: Hibernate Commons Annotations {5.1.2.Final}
2022-06-13 13:05:53.405  INFO 2440 --- [main] org.hibernate.dialect.Dialect            : HHH000400: Using dialect: org.hibernate.dialect.MySQL8Dialect
2022-06-13 13:05:54.588  INFO 2440 --- [main] o.h.e.t.j.p.i.JtaPlatformInitiator       : HHH000490: Using JtaPlatform implementation: [org.hibernate.engine.transaction.jta.platform.internal.NoJtaPlatform]
2022-06-13 13:05:54.607  INFO 2440 --- [main] j.LocalContainerEntityManagerFactoryBean : Initialized JPA EntityManagerFactory for persistence unit 'default'
2022-06-13 13:05:56.458  WARN 2440 --- [main] JpaBaseConfiguration$JpaWebConfiguration : spring.jpa.open-in-view is enabled by default. Therefore, database queries may be performed during view rendering. Explicitly configure spring.jpa.open-in-view to disable this warning
2022-06-13 13:05:56.941  INFO 2440 --- [main] o.s.s.concurrent.ThreadPoolTaskExecutor  : Initializing ExecutorService 'applicationTaskExecutor'
2022-06-13 13:05:57.526  INFO 2440 --- [main] o.s.b.w.embedded.tomcat.TomcatWebServer  : Tomcat started on port(s): 8080 (http) with context path ''
2022-06-13 13:05:57.529  INFO 2440 --- [main] d.s.w.p.DocumentationPluginsBootstrapper : Context refreshed
2022-06-13 13:05:57.583  INFO 2440 --- [main] d.s.w.p.DocumentationPluginsBootstrapper : Found 1 custom documentation plugin(s)
2022-06-13 13:05:57.607  INFO 2440 --- [main] s.d.s.w.s.ApiListingReferenceScanner     : Scanning for api listing references
2022-06-13 13:05:57.897  INFO 2440 --- [main] com.example.bvs.BvsApplication           : Started BvsApplication in 19.724 seconds (JVM running for 21.339)
2022-06-13 13:06:35.036  INFO 2440 --- [http-nio-8080-exec-1] o.a.c.c.C.[Tomcat].[localhost].[/]       : Initializing Spring DispatcherServlet 'dispatcherServlet'
2022-06-13 13:06:35.036  INFO 2440 --- [http-nio-8080-exec-1] o.s.web.servlet.DispatcherServlet        : Initializing Servlet 'dispatcherServlet'
2022-06-13 13:06:35.038  INFO 2440 --- [http-nio-8080-exec-1] o.s.web.servlet.DispatcherServlet        : Completed initialization in 2 ms
2022-06-13 13:06:48.729 ERROR 2440 --- [task-1] .a.i.SimpleAsyncUncaughtExceptionHandler : Unexpected exception occurred invoking async method: public void com.example.bvs.service.RouterService.handleHttpClientRequest(java.lang.Object,java.lang.String,javax.servlet.http.HttpServletRequest)

java.lang.NullPointerException: Cannot invoke "Object.toString()" because the return value of "javax.servlet.http.HttpServletRequest.getAttribute(String)" is null
	at com.example.bvs.service.RouterService.handleHttpClientRequest(RouterService.java:28) ~[classes/:na]
	at com.example.bvs.service.RouterService$$FastClassBySpringCGLIB$$62f08d3.invoke(<generated>) ~[classes/:na]
	at org.springframework.cglib.proxy.MethodProxy.invoke(MethodProxy.java:218) ~[spring-core-5.3.3.jar:5.3.3]
	at org.springframework.aop.framework.CglibAopProxy$CglibMethodInvocation.invokeJoinpoint(CglibAopProxy.java:779) ~[spring-aop-5.3.3.jar:5.3.3]
	at org.springframework.aop.framework.ReflectiveMethodInvocation.proceed(ReflectiveMethodInvocation.java:163) ~[spring-aop-5.3.3.jar:5.3.3]
	at org.springframework.aop.framework.CglibAopProxy$CglibMethodInvocation.proceed(CglibAopProxy.java:750) ~[spring-aop-5.3.3.jar:5.3.3]
	at org.springframework.aop.interceptor.AsyncExecutionInterceptor.lambda$invoke$0(AsyncExecutionInterceptor.java:115) ~[spring-aop-5.3.3.jar:5.3.3]
	at java.base/java.util.concurrent.FutureTask.run$$$capture(FutureTask.java:264) ~[na:na]
	at java.base/java.util.concurrent.FutureTask.run(FutureTask.java) ~[na:na]
	at java.base/java.util.concurrent.ThreadPoolExecutor.runWorker(ThreadPoolExecutor.java:1136) ~[na:na]
	at java.base/java.util.concurrent.ThreadPoolExecutor$Worker.run(ThreadPoolExecutor.java:635) ~[na:na]
	at java.base/java.lang.Thread.run(Thread.java:833) ~[na:na]

2022-06-13 13:07:18.088 ERROR 2440 --- [task-2] .a.i.SimpleAsyncUncaughtExceptionHandler : Unexpected exception occurred invoking async method: public void com.example.bvs.service.RouterService.handleHttpClientRequest(java.lang.Object,java.lang.String,javax.servlet.http.HttpServletRequest)

java.lang.NullPointerException: Cannot invoke "Object.toString()" because the return value of "javax.servlet.http.HttpServletRequest.getAttribute(String)" is null
	at com.example.bvs.service.RouterService.handleHttpClientRequest(RouterService.java:28) ~[classes/:na]
	at com.example.bvs.service.RouterService$$FastClassBySpringCGLIB$$62f08d3.invoke(<generated>) ~[classes/:na]
	at org.springframework.cglib.proxy.MethodProxy.invoke(MethodProxy.java:218) ~[spring-core-5.3.3.jar:5.3.3]
	at org.springframework.aop.framework.CglibAopProxy$CglibMethodInvocation.invokeJoinpoint(CglibAopProxy.java:779) ~[spring-aop-5.3.3.jar:5.3.3]
	at org.springframework.aop.framework.ReflectiveMethodInvocation.proceed(ReflectiveMethodInvocation.java:163) ~[spring-aop-5.3.3.jar:5.3.3]
	at org.springframework.aop.framework.CglibAopProxy$CglibMethodInvocation.proceed(CglibAopProxy.java:750) ~[spring-aop-5.3.3.jar:5.3.3]
	at org.springframework.aop.interceptor.AsyncExecutionInterceptor.lambda$invoke$0(AsyncExecutionInterceptor.java:115) ~[spring-aop-5.3.3.jar:5.3.3]
	at java.base/java.util.concurrent.FutureTask.run$$$capture(FutureTask.java:264) ~[na:na]
	at java.base/java.util.concurrent.FutureTask.run(FutureTask.java) ~[na:na]
	at java.base/java.util.concurrent.ThreadPoolExecutor.runWorker(ThreadPoolExecutor.java:1136) ~[na:na]
	at java.base/java.util.concurrent.ThreadPoolExecutor$Worker.run(ThreadPoolExecutor.java:635) ~[na:na]
	at java.base/java.lang.Thread.run(Thread.java:833) ~[na:na]

2022-06-13 13:09:43.753  WARN 2440 --- [HikariPool-1 housekeeper] com.zaxxer.hikari.pool.HikariPool        : HikariPool-1 - Thread starvation or clock leap detected (housekeeper delta=1m20s869ms102µs900ns).
2022-06-13 13:09:43.757 ERROR 2440 --- [task-3] .a.i.SimpleAsyncUncaughtExceptionHandler : Unexpected exception occurred invoking async method: public void com.example.bvs.service.RouterService.handleHttpClientRequest(java.lang.Object,java.lang.String,javax.servlet.http.HttpServletRequest)

java.lang.NullPointerException: Cannot invoke "Object.toString()" because the return value of "javax.servlet.http.HttpServletRequest.getAttribute(String)" is null
	at com.example.bvs.service.RouterService.handleHttpClientRequest(RouterService.java:28) ~[classes/:na]
	at com.example.bvs.service.RouterService$$FastClassBySpringCGLIB$$62f08d3.invoke(<generated>) ~[classes/:na]
	at org.springframework.cglib.proxy.MethodProxy.invoke(MethodProxy.java:218) ~[spring-core-5.3.3.jar:5.3.3]
	at org.springframework.aop.framework.CglibAopProxy$CglibMethodInvocation.invokeJoinpoint(CglibAopProxy.java:779) ~[spring-aop-5.3.3.jar:5.3.3]
	at org.springframework.aop.framework.ReflectiveMethodInvocation.proceed(ReflectiveMethodInvocation.java:163) ~[spring-aop-5.3.3.jar:5.3.3]
	at org.springframework.aop.framework.CglibAopProxy$CglibMethodInvocation.proceed(CglibAopProxy.java:750) ~[spring-aop-5.3.3.jar:5.3.3]
	at org.springframework.aop.interceptor.AsyncExecutionInterceptor.lambda$invoke$0(AsyncExecutionInterceptor.java:115) ~[spring-aop-5.3.3.jar:5.3.3]
	at java.base/java.util.concurrent.FutureTask.run$$$capture(FutureTask.java:264) ~[na:na]
	at java.base/java.util.concurrent.FutureTask.run(FutureTask.java) ~[na:na]
	at java.base/java.util.concurrent.ThreadPoolExecutor.runWorker(ThreadPoolExecutor.java:1136) ~[na:na]
	at java.base/java.util.concurrent.ThreadPoolExecutor$Worker.run(ThreadPoolExecutor.java:635) ~[na:na]
	at java.base/java.lang.Thread.run(Thread.java:833) ~[na:na]

2022-06-13 13:10:25.427 ERROR 2440 --- [task-4] .a.i.SimpleAsyncUncaughtExceptionHandler : Unexpected exception occurred invoking async method: public void com.example.bvs.service.RouterService.handleHttpClientRequest(java.lang.Object,java.lang.String,javax.servlet.http.HttpServletRequest)

java.lang.NullPointerException: Cannot invoke "Object.toString()" because the return value of "javax.servlet.http.HttpServletRequest.getAttribute(String)" is null
	at com.example.bvs.service.RouterService.handleHttpClientRequest(RouterService.java:28) ~[classes/:na]
	at com.example.bvs.service.RouterService$$FastClassBySpringCGLIB$$62f08d3.invoke(<generated>) ~[classes/:na]
	at org.springframework.cglib.proxy.MethodProxy.invoke(MethodProxy.java:218) ~[spring-core-5.3.3.jar:5.3.3]
	at org.springframework.aop.framework.CglibAopProxy$CglibMethodInvocation.invokeJoinpoint(CglibAopProxy.java:779) ~[spring-aop-5.3.3.jar:5.3.3]
	at org.springframework.aop.framework.ReflectiveMethodInvocation.proceed(ReflectiveMethodInvocation.java:163) ~[spring-aop-5.3.3.jar:5.3.3]
	at org.springframework.aop.framework.CglibAopProxy$CglibMethodInvocation.proceed(CglibAopProxy.java:750) ~[spring-aop-5.3.3.jar:5.3.3]
	at org.springframework.aop.interceptor.AsyncExecutionInterceptor.lambda$invoke$0(AsyncExecutionInterceptor.java:115) ~[spring-aop-5.3.3.jar:5.3.3]
	at java.base/java.util.concurrent.FutureTask.run$$$capture(FutureTask.java:264) ~[na:na]
	at java.base/java.util.concurrent.FutureTask.run(FutureTask.java) ~[na:na]
	at java.base/java.util.concurrent.ThreadPoolExecutor.runWorker(ThreadPoolExecutor.java:1136) ~[na:na]
	at java.base/java.util.concurrent.ThreadPoolExecutor$Worker.run(ThreadPoolExecutor.java:635) ~[na:na]
	at java.base/java.lang.Thread.run(Thread.java:833) ~[na:na]

2022-06-13 13:10:25.570  INFO 2440 --- [SpringContextShutdownHook] o.s.s.concurrent.ThreadPoolTaskExecutor  : Shutting down ExecutorService 'applicationTaskExecutor'
2022-06-13 13:10:25.582  INFO 2440 --- [SpringContextShutdownHook] j.LocalContainerEntityManagerFactoryBean : Closing JPA EntityManagerFactory for persistence unit 'default'
2022-06-13 13:10:25.586  INFO 2440 --- [SpringContextShutdownHook] com.zaxxer.hikari.HikariDataSource       : HikariPool-1 - Shutdown initiated...
2022-06-13 13:10:25.741  INFO 2440 --- [SpringContextShutdownHook] com.zaxxer.hikari.HikariDataSource       : HikariPool-1 - Shutdown completed.
2022-06-13 13:10:32.868  INFO 16508 --- [main] com.example.bvs.BvsApplication           : Starting BvsApplication using Java 17.0.2 on Ahmed-Fouad with PID 16508 (C:\workspace\Bvs\target\classes started by Ahmed.fouad in C:\workspace\Bvs)
2022-06-13 13:10:32.874  INFO 16508 --- [main] com.example.bvs.BvsApplication           : The following profiles are active: local
2022-06-13 13:10:34.631  INFO 16508 --- [main] .s.d.r.c.RepositoryConfigurationDelegate : Bootstrapping Spring Data JPA repositories in DEFAULT mode.
2022-06-13 13:10:34.766  INFO 16508 --- [main] .s.d.r.c.RepositoryConfigurationDelegate : Finished Spring Data repository scanning in 111 ms. Found 1 JPA repository interfaces.
2022-06-13 13:10:36.455  INFO 16508 --- [main] o.s.b.w.embedded.tomcat.TomcatWebServer  : Tomcat initialized with port(s): 8080 (http)
2022-06-13 13:10:36.487  INFO 16508 --- [main] o.apache.catalina.core.StandardService   : Starting service [Tomcat]
2022-06-13 13:10:36.487  INFO 16508 --- [main] org.apache.catalina.core.StandardEngine  : Starting Servlet engine: [Apache Tomcat/9.0.41]
2022-06-13 13:10:36.740  INFO 16508 --- [main] o.a.c.c.C.[Tomcat].[localhost].[/]       : Initializing Spring embedded WebApplicationContext
2022-06-13 13:10:36.741  INFO 16508 --- [main] w.s.c.ServletWebServerApplicationContext : Root WebApplicationContext: initialization completed in 3678 ms
2022-06-13 13:10:37.064  INFO 16508 --- [main] com.zaxxer.hikari.HikariDataSource       : HikariPool-1 - Starting...
2022-06-13 13:10:38.069  INFO 16508 --- [main] com.zaxxer.hikari.HikariDataSource       : HikariPool-1 - Start completed.
2022-06-13 13:10:42.681  INFO 16508 --- [main] l.lockservice.StandardLockService        : Successfully acquired change log lock
2022-06-13 13:10:43.773  INFO 16508 --- [main] l.c.StandardChangeLogHistoryService      : Reading from bvs.DATABASECHANGELOG
2022-06-13 13:10:43.826  INFO 16508 --- [main] l.lockservice.StandardLockService        : Successfully released change log lock
2022-06-13 13:10:44.098  INFO 16508 --- [main] o.hibernate.jpa.internal.util.LogHelper  : HHH000204: Processing PersistenceUnitInfo [name: default]
2022-06-13 13:10:44.243  INFO 16508 --- [main] org.hibernate.Version                    : HHH000412: Hibernate ORM core version 5.4.27.Final
2022-06-13 13:10:44.646  INFO 16508 --- [main] o.hibernate.annotations.common.Version   : HCANN000001: Hibernate Commons Annotations {5.1.2.Final}
2022-06-13 13:10:44.949  INFO 16508 --- [main] org.hibernate.dialect.Dialect            : HHH000400: Using dialect: org.hibernate.dialect.MySQL8Dialect
2022-06-13 13:10:46.582  INFO 16508 --- [main] o.h.e.t.j.p.i.JtaPlatformInitiator       : HHH000490: Using JtaPlatform implementation: [org.hibernate.engine.transaction.jta.platform.internal.NoJtaPlatform]
2022-06-13 13:10:46.600  INFO 16508 --- [main] j.LocalContainerEntityManagerFactoryBean : Initialized JPA EntityManagerFactory for persistence unit 'default'
2022-06-13 13:10:49.297  WARN 16508 --- [main] JpaBaseConfiguration$JpaWebConfiguration : spring.jpa.open-in-view is enabled by default. Therefore, database queries may be performed during view rendering. Explicitly configure spring.jpa.open-in-view to disable this warning
2022-06-13 13:10:50.187  INFO 16508 --- [main] o.s.s.concurrent.ThreadPoolTaskExecutor  : Initializing ExecutorService 'applicationTaskExecutor'
2022-06-13 13:10:50.874  INFO 16508 --- [main] o.s.b.w.embedded.tomcat.TomcatWebServer  : Tomcat started on port(s): 8080 (http) with context path ''
2022-06-13 13:10:50.876  INFO 16508 --- [main] d.s.w.p.DocumentationPluginsBootstrapper : Context refreshed
2022-06-13 13:10:51.174  INFO 16508 --- [main] d.s.w.p.DocumentationPluginsBootstrapper : Found 1 custom documentation plugin(s)
2022-06-13 13:10:51.212  INFO 16508 --- [main] s.d.s.w.s.ApiListingReferenceScanner     : Scanning for api listing references
2022-06-13 13:10:51.629  INFO 16508 --- [main] com.example.bvs.BvsApplication           : Started BvsApplication in 19.961 seconds (JVM running for 21.118)
2022-06-13 13:10:53.183  INFO 16508 --- [http-nio-8080-exec-1] o.a.c.c.C.[Tomcat].[localhost].[/]       : Initializing Spring DispatcherServlet 'dispatcherServlet'
2022-06-13 13:10:53.194  INFO 16508 --- [http-nio-8080-exec-1] o.s.web.servlet.DispatcherServlet        : Initializing Servlet 'dispatcherServlet'
2022-06-13 13:10:53.197  INFO 16508 --- [http-nio-8080-exec-1] o.s.web.servlet.DispatcherServlet        : Completed initialization in 2 ms
2022-06-13 13:11:12.790 ERROR 16508 --- [task-1] .a.i.SimpleAsyncUncaughtExceptionHandler : Unexpected exception occurred invoking async method: public void com.example.bvs.service.RouterService.handleHttpClientRequest(java.lang.Object,java.lang.String,javax.servlet.http.HttpServletRequest)

java.lang.NullPointerException: Cannot invoke "Object.toString()" because the return value of "javax.servlet.http.HttpServletRequest.getAttribute(String)" is null
	at com.example.bvs.service.RouterService.handleHttpClientRequest(RouterService.java:26) ~[classes/:na]
	at com.example.bvs.service.RouterService$$FastClassBySpringCGLIB$$62f08d3.invoke(<generated>) ~[classes/:na]
	at org.springframework.cglib.proxy.MethodProxy.invoke(MethodProxy.java:218) ~[spring-core-5.3.3.jar:5.3.3]
	at org.springframework.aop.framework.CglibAopProxy$CglibMethodInvocation.invokeJoinpoint(CglibAopProxy.java:779) ~[spring-aop-5.3.3.jar:5.3.3]
	at org.springframework.aop.framework.ReflectiveMethodInvocation.proceed(ReflectiveMethodInvocation.java:163) ~[spring-aop-5.3.3.jar:5.3.3]
	at org.springframework.aop.framework.CglibAopProxy$CglibMethodInvocation.proceed(CglibAopProxy.java:750) ~[spring-aop-5.3.3.jar:5.3.3]
	at org.springframework.aop.interceptor.AsyncExecutionInterceptor.lambda$invoke$0(AsyncExecutionInterceptor.java:115) ~[spring-aop-5.3.3.jar:5.3.3]
	at java.base/java.util.concurrent.FutureTask.run$$$capture(FutureTask.java:264) ~[na:na]
	at java.base/java.util.concurrent.FutureTask.run(FutureTask.java) ~[na:na]
	at java.base/java.util.concurrent.ThreadPoolExecutor.runWorker(ThreadPoolExecutor.java:1136) ~[na:na]
	at java.base/java.util.concurrent.ThreadPoolExecutor$Worker.run(ThreadPoolExecutor.java:635) ~[na:na]
	at java.base/java.lang.Thread.run(Thread.java:833) ~[na:na]

2022-06-13 13:12:05.190  WARN 16508 --- [HikariPool-1 housekeeper] com.zaxxer.hikari.pool.HikariPool        : HikariPool-1 - Thread starvation or clock leap detected (housekeeper delta=52s415ms456µs900ns).
2022-06-13 13:12:05.197 ERROR 16508 --- [task-2] .a.i.SimpleAsyncUncaughtExceptionHandler : Unexpected exception occurred invoking async method: public void com.example.bvs.service.RouterService.handleHttpClientRequest(java.lang.Object,java.lang.String,javax.servlet.http.HttpServletRequest)

java.lang.NullPointerException: Cannot invoke "Object.toString()" because the return value of "javax.servlet.http.HttpServletRequest.getAttribute(String)" is null
	at com.example.bvs.service.RouterService.handleHttpClientRequest(RouterService.java:26) ~[classes/:na]
	at com.example.bvs.service.RouterService$$FastClassBySpringCGLIB$$62f08d3.invoke(<generated>) ~[classes/:na]
	at org.springframework.cglib.proxy.MethodProxy.invoke(MethodProxy.java:218) ~[spring-core-5.3.3.jar:5.3.3]
	at org.springframework.aop.framework.CglibAopProxy$CglibMethodInvocation.invokeJoinpoint(CglibAopProxy.java:779) ~[spring-aop-5.3.3.jar:5.3.3]
	at org.springframework.aop.framework.ReflectiveMethodInvocation.proceed(ReflectiveMethodInvocation.java:163) ~[spring-aop-5.3.3.jar:5.3.3]
	at org.springframework.aop.framework.CglibAopProxy$CglibMethodInvocation.proceed(CglibAopProxy.java:750) ~[spring-aop-5.3.3.jar:5.3.3]
	at org.springframework.aop.interceptor.AsyncExecutionInterceptor.lambda$invoke$0(AsyncExecutionInterceptor.java:115) ~[spring-aop-5.3.3.jar:5.3.3]
	at java.base/java.util.concurrent.FutureTask.run$$$capture(FutureTask.java:264) ~[na:na]
	at java.base/java.util.concurrent.FutureTask.run(FutureTask.java) ~[na:na]
	at java.base/java.util.concurrent.ThreadPoolExecutor.runWorker(ThreadPoolExecutor.java:1136) ~[na:na]
	at java.base/java.util.concurrent.ThreadPoolExecutor$Worker.run(ThreadPoolExecutor.java:635) ~[na:na]
	at java.base/java.lang.Thread.run(Thread.java:833) ~[na:na]

2022-06-13 13:12:07.279  INFO 16508 --- [SpringContextShutdownHook] o.s.s.concurrent.ThreadPoolTaskExecutor  : Shutting down ExecutorService 'applicationTaskExecutor'
2022-06-13 13:12:07.287  INFO 16508 --- [SpringContextShutdownHook] j.LocalContainerEntityManagerFactoryBean : Closing JPA EntityManagerFactory for persistence unit 'default'
2022-06-13 13:12:07.295  INFO 16508 --- [SpringContextShutdownHook] com.zaxxer.hikari.HikariDataSource       : HikariPool-1 - Shutdown initiated...
2022-06-13 13:12:07.381  INFO 16508 --- [SpringContextShutdownHook] com.zaxxer.hikari.HikariDataSource       : HikariPool-1 - Shutdown completed.
2022-06-13 13:12:11.886  INFO 4764 --- [main] com.example.bvs.BvsApplication           : Starting BvsApplication using Java 17.0.2 on Ahmed-Fouad with PID 4764 (C:\workspace\Bvs\target\classes started by Ahmed.fouad in C:\workspace\Bvs)
2022-06-13 13:12:11.893  INFO 4764 --- [main] com.example.bvs.BvsApplication           : The following profiles are active: local
2022-06-13 13:12:13.594  INFO 4764 --- [main] .s.d.r.c.RepositoryConfigurationDelegate : Bootstrapping Spring Data JPA repositories in DEFAULT mode.
2022-06-13 13:12:13.713  INFO 4764 --- [main] .s.d.r.c.RepositoryConfigurationDelegate : Finished Spring Data repository scanning in 98 ms. Found 1 JPA repository interfaces.
2022-06-13 13:12:14.942  INFO 4764 --- [main] o.s.b.w.embedded.tomcat.TomcatWebServer  : Tomcat initialized with port(s): 8080 (http)
2022-06-13 13:12:14.971  INFO 4764 --- [main] o.apache.catalina.core.StandardService   : Starting service [Tomcat]
2022-06-13 13:12:14.972  INFO 4764 --- [main] org.apache.catalina.core.StandardEngine  : Starting Servlet engine: [Apache Tomcat/9.0.41]
2022-06-13 13:12:15.204  INFO 4764 --- [main] o.a.c.c.C.[Tomcat].[localhost].[/]       : Initializing Spring embedded WebApplicationContext
2022-06-13 13:12:15.205  INFO 4764 --- [main] w.s.c.ServletWebServerApplicationContext : Root WebApplicationContext: initialization completed in 3140 ms
2022-06-13 13:12:15.473  INFO 4764 --- [main] com.zaxxer.hikari.HikariDataSource       : HikariPool-1 - Starting...
2022-06-13 13:12:16.394  INFO 4764 --- [main] com.zaxxer.hikari.HikariDataSource       : HikariPool-1 - Start completed.
2022-06-13 13:12:21.229  INFO 4764 --- [main] l.lockservice.StandardLockService        : Successfully acquired change log lock
2022-06-13 13:12:22.252  INFO 4764 --- [main] l.c.StandardChangeLogHistoryService      : Reading from bvs.DATABASECHANGELOG
2022-06-13 13:12:22.313  INFO 4764 --- [main] l.lockservice.StandardLockService        : Successfully released change log lock
2022-06-13 13:12:22.608  INFO 4764 --- [main] o.hibernate.jpa.internal.util.LogHelper  : HHH000204: Processing PersistenceUnitInfo [name: default]
2022-06-13 13:12:22.736  INFO 4764 --- [main] org.hibernate.Version                    : HHH000412: Hibernate ORM core version 5.4.27.Final
2022-06-13 13:12:23.216  INFO 4764 --- [main] o.hibernate.annotations.common.Version   : HCANN000001: Hibernate Commons Annotations {5.1.2.Final}
2022-06-13 13:12:23.521  INFO 4764 --- [main] org.hibernate.dialect.Dialect            : HHH000400: Using dialect: org.hibernate.dialect.MySQL8Dialect
2022-06-13 13:12:25.503  INFO 4764 --- [main] o.h.e.t.j.p.i.JtaPlatformInitiator       : HHH000490: Using JtaPlatform implementation: [org.hibernate.engine.transaction.jta.platform.internal.NoJtaPlatform]
2022-06-13 13:12:25.532  INFO 4764 --- [main] j.LocalContainerEntityManagerFactoryBean : Initialized JPA EntityManagerFactory for persistence unit 'default'
2022-06-13 13:12:29.963  WARN 4764 --- [main] JpaBaseConfiguration$JpaWebConfiguration : spring.jpa.open-in-view is enabled by default. Therefore, database queries may be performed during view rendering. Explicitly configure spring.jpa.open-in-view to disable this warning
2022-06-13 13:12:30.595  INFO 4764 --- [main] o.s.s.concurrent.ThreadPoolTaskExecutor  : Initializing ExecutorService 'applicationTaskExecutor'
2022-06-13 13:12:31.273  INFO 4764 --- [main] o.s.b.w.embedded.tomcat.TomcatWebServer  : Tomcat started on port(s): 8080 (http) with context path ''
2022-06-13 13:12:31.275  INFO 4764 --- [main] d.s.w.p.DocumentationPluginsBootstrapper : Context refreshed
2022-06-13 13:12:31.326  INFO 4764 --- [main] d.s.w.p.DocumentationPluginsBootstrapper : Found 1 custom documentation plugin(s)
2022-06-13 13:12:31.349  INFO 4764 --- [main] s.d.s.w.s.ApiListingReferenceScanner     : Scanning for api listing references
2022-06-13 13:12:31.608  INFO 4764 --- [main] com.example.bvs.BvsApplication           : Started BvsApplication in 20.944 seconds (JVM running for 22.109)
2022-06-13 13:12:35.159  INFO 4764 --- [http-nio-8080-exec-1] o.a.c.c.C.[Tomcat].[localhost].[/]       : Initializing Spring DispatcherServlet 'dispatcherServlet'
2022-06-13 13:12:35.159  INFO 4764 --- [http-nio-8080-exec-1] o.s.web.servlet.DispatcherServlet        : Initializing Servlet 'dispatcherServlet'
2022-06-13 13:12:35.161  INFO 4764 --- [http-nio-8080-exec-1] o.s.web.servlet.DispatcherServlet        : Completed initialization in 2 ms
2022-06-13 13:16:30.526  WARN 4764 --- [HikariPool-1 housekeeper] com.zaxxer.hikari.pool.HikariPool        : HikariPool-1 - Thread starvation or clock leap detected (housekeeper delta=4m14s19ms124µs800ns).
2022-06-13 13:16:30.558 ERROR 4764 --- [task-1] .a.i.SimpleAsyncUncaughtExceptionHandler : Unexpected exception occurred invoking async method: public void com.example.bvs.service.RouterService.handleHttpClientRequest(java.lang.Object,java.lang.String,javax.servlet.http.HttpServletRequest)

java.lang.NullPointerException: Cannot invoke "Object.toString()" because the return value of "javax.servlet.http.HttpServletRequest.getAttribute(String)" is null
	at com.example.bvs.service.RouterService.handleHttpClientRequest(RouterService.java:26) ~[classes/:na]
	at com.example.bvs.service.RouterService$$FastClassBySpringCGLIB$$62f08d3.invoke(<generated>) ~[classes/:na]
	at org.springframework.cglib.proxy.MethodProxy.invoke(MethodProxy.java:218) ~[spring-core-5.3.3.jar:5.3.3]
	at org.springframework.aop.framework.CglibAopProxy$CglibMethodInvocation.invokeJoinpoint(CglibAopProxy.java:779) ~[spring-aop-5.3.3.jar:5.3.3]
	at org.springframework.aop.framework.ReflectiveMethodInvocation.proceed(ReflectiveMethodInvocation.java:163) ~[spring-aop-5.3.3.jar:5.3.3]
	at org.springframework.aop.framework.CglibAopProxy$CglibMethodInvocation.proceed(CglibAopProxy.java:750) ~[spring-aop-5.3.3.jar:5.3.3]
	at org.springframework.aop.interceptor.AsyncExecutionInterceptor.lambda$invoke$0(AsyncExecutionInterceptor.java:115) ~[spring-aop-5.3.3.jar:5.3.3]
	at java.base/java.util.concurrent.FutureTask.run$$$capture(FutureTask.java:264) ~[na:na]
	at java.base/java.util.concurrent.FutureTask.run(FutureTask.java) ~[na:na]
	at java.base/java.util.concurrent.ThreadPoolExecutor.runWorker(ThreadPoolExecutor.java:1136) ~[na:na]
	at java.base/java.util.concurrent.ThreadPoolExecutor$Worker.run(ThreadPoolExecutor.java:635) ~[na:na]
	at java.base/java.lang.Thread.run(Thread.java:833) ~[na:na]

2022-06-13 13:20:08.150  WARN 4764 --- [HikariPool-1 housekeeper] com.zaxxer.hikari.pool.HikariPool        : HikariPool-1 - Thread starvation or clock leap detected (housekeeper delta=3m37s618ms293µs500ns).
2022-06-13 13:20:58.406  WARN 4764 --- [HikariPool-1 housekeeper] com.zaxxer.hikari.pool.HikariPool        : HikariPool-1 - Thread starvation or clock leap detected (housekeeper delta=50s245ms142µs600ns).
2022-06-13 13:21:47.605  WARN 4764 --- [HikariPool-1 housekeeper] com.zaxxer.hikari.pool.HikariPool        : HikariPool-1 - Thread starvation or clock leap detected (housekeeper delta=49s189ms701µs).
2022-06-13 13:23:34.588  WARN 4764 --- [HikariPool-1 housekeeper] com.zaxxer.hikari.pool.HikariPool        : HikariPool-1 - Thread starvation or clock leap detected (housekeeper delta=1m46s962ms1µs200ns).
2022-06-13 13:23:34.597 ERROR 4764 --- [task-2] .a.i.SimpleAsyncUncaughtExceptionHandler : Unexpected exception occurred invoking async method: public void com.example.bvs.service.RouterService.handleHttpClientRequest(java.lang.Object,java.lang.String,javax.servlet.http.HttpServletRequest)

java.lang.NullPointerException: Cannot invoke "Object.toString()" because the return value of "javax.servlet.http.HttpServletRequest.getAttribute(String)" is null
	at com.example.bvs.service.RouterService.handleHttpClientRequest(RouterService.java:26) ~[classes/:na]
	at com.example.bvs.service.RouterService$$FastClassBySpringCGLIB$$62f08d3.invoke(<generated>) ~[classes/:na]
	at org.springframework.cglib.proxy.MethodProxy.invoke(MethodProxy.java:218) ~[spring-core-5.3.3.jar:5.3.3]
	at org.springframework.aop.framework.CglibAopProxy$CglibMethodInvocation.invokeJoinpoint(CglibAopProxy.java:779) ~[spring-aop-5.3.3.jar:5.3.3]
	at org.springframework.aop.framework.ReflectiveMethodInvocation.proceed(ReflectiveMethodInvocation.java:163) ~[spring-aop-5.3.3.jar:5.3.3]
	at org.springframework.aop.framework.CglibAopProxy$CglibMethodInvocation.proceed(CglibAopProxy.java:750) ~[spring-aop-5.3.3.jar:5.3.3]
	at org.springframework.aop.interceptor.AsyncExecutionInterceptor.lambda$invoke$0(AsyncExecutionInterceptor.java:115) ~[spring-aop-5.3.3.jar:5.3.3]
	at java.base/java.util.concurrent.FutureTask.run$$$capture(FutureTask.java:264) ~[na:na]
	at java.base/java.util.concurrent.FutureTask.run(FutureTask.java) ~[na:na]
	at java.base/java.util.concurrent.ThreadPoolExecutor.runWorker(ThreadPoolExecutor.java:1136) ~[na:na]
	at java.base/java.util.concurrent.ThreadPoolExecutor$Worker.run(ThreadPoolExecutor.java:635) ~[na:na]
	at java.base/java.lang.Thread.run(Thread.java:833) ~[na:na]

2022-06-13 13:23:34.715  INFO 4764 --- [SpringContextShutdownHook] o.s.s.concurrent.ThreadPoolTaskExecutor  : Shutting down ExecutorService 'applicationTaskExecutor'
2022-06-13 13:23:34.724  INFO 4764 --- [SpringContextShutdownHook] j.LocalContainerEntityManagerFactoryBean : Closing JPA EntityManagerFactory for persistence unit 'default'
2022-06-13 13:23:34.730  INFO 4764 --- [SpringContextShutdownHook] com.zaxxer.hikari.HikariDataSource       : HikariPool-1 - Shutdown initiated...
2022-06-13 13:23:34.794  INFO 4764 --- [SpringContextShutdownHook] com.zaxxer.hikari.HikariDataSource       : HikariPool-1 - Shutdown completed.
2022-06-13 13:23:41.410  INFO 3084 --- [main] com.example.bvs.BvsApplication           : Starting BvsApplication using Java 17.0.2 on Ahmed-Fouad with PID 3084 (C:\workspace\Bvs\target\classes started by Ahmed.fouad in C:\workspace\Bvs)
2022-06-13 13:23:41.416  INFO 3084 --- [main] com.example.bvs.BvsApplication           : The following profiles are active: local
2022-06-13 13:23:43.221  INFO 3084 --- [main] .s.d.r.c.RepositoryConfigurationDelegate : Bootstrapping Spring Data JPA repositories in DEFAULT mode.
2022-06-13 13:23:43.338  INFO 3084 --- [main] .s.d.r.c.RepositoryConfigurationDelegate : Finished Spring Data repository scanning in 97 ms. Found 1 JPA repository interfaces.
2022-06-13 13:23:44.720  INFO 3084 --- [main] o.s.b.w.embedded.tomcat.TomcatWebServer  : Tomcat initialized with port(s): 8080 (http)
2022-06-13 13:23:44.748  INFO 3084 --- [main] o.apache.catalina.core.StandardService   : Starting service [Tomcat]
2022-06-13 13:23:44.750  INFO 3084 --- [main] org.apache.catalina.core.StandardEngine  : Starting Servlet engine: [Apache Tomcat/9.0.41]
2022-06-13 13:23:45.000  INFO 3084 --- [main] o.a.c.c.C.[Tomcat].[localhost].[/]       : Initializing Spring embedded WebApplicationContext
2022-06-13 13:23:45.001  INFO 3084 --- [main] w.s.c.ServletWebServerApplicationContext : Root WebApplicationContext: initialization completed in 3430 ms
2022-06-13 13:23:45.330  INFO 3084 --- [main] com.zaxxer.hikari.HikariDataSource       : HikariPool-1 - Starting...
2022-06-13 13:23:46.355  INFO 3084 --- [main] com.zaxxer.hikari.HikariDataSource       : HikariPool-1 - Start completed.
2022-06-13 13:23:51.678  INFO 3084 --- [main] l.lockservice.StandardLockService        : Successfully acquired change log lock
2022-06-13 13:23:52.897  INFO 3084 --- [main] l.c.StandardChangeLogHistoryService      : Reading from bvs.DATABASECHANGELOG
2022-06-13 13:23:52.976  INFO 3084 --- [main] l.lockservice.StandardLockService        : Successfully released change log lock
2022-06-13 13:23:53.229  INFO 3084 --- [main] o.hibernate.jpa.internal.util.LogHelper  : HHH000204: Processing PersistenceUnitInfo [name: default]
2022-06-13 13:23:53.533  INFO 3084 --- [main] org.hibernate.Version                    : HHH000412: Hibernate ORM core version 5.4.27.Final
2022-06-13 13:23:54.128  INFO 3084 --- [main] o.hibernate.annotations.common.Version   : HCANN000001: Hibernate Commons Annotations {5.1.2.Final}
2022-06-13 13:23:54.532  INFO 3084 --- [main] org.hibernate.dialect.Dialect            : HHH000400: Using dialect: org.hibernate.dialect.MySQL8Dialect
2022-06-13 13:23:55.614  INFO 3084 --- [main] o.h.e.t.j.p.i.JtaPlatformInitiator       : HHH000490: Using JtaPlatform implementation: [org.hibernate.engine.transaction.jta.platform.internal.NoJtaPlatform]
2022-06-13 13:23:55.631  INFO 3084 --- [main] j.LocalContainerEntityManagerFactoryBean : Initialized JPA EntityManagerFactory for persistence unit 'default'
2022-06-13 13:23:57.842  WARN 3084 --- [main] JpaBaseConfiguration$JpaWebConfiguration : spring.jpa.open-in-view is enabled by default. Therefore, database queries may be performed during view rendering. Explicitly configure spring.jpa.open-in-view to disable this warning
2022-06-13 13:23:58.233  INFO 3084 --- [main] o.s.s.concurrent.ThreadPoolTaskExecutor  : Initializing ExecutorService 'applicationTaskExecutor'
2022-06-13 13:23:58.597  INFO 3084 --- [main] o.s.b.w.embedded.tomcat.TomcatWebServer  : Tomcat started on port(s): 8080 (http) with context path ''
2022-06-13 13:23:58.599  INFO 3084 --- [main] d.s.w.p.DocumentationPluginsBootstrapper : Context refreshed
2022-06-13 13:23:58.624  INFO 3084 --- [main] d.s.w.p.DocumentationPluginsBootstrapper : Found 1 custom documentation plugin(s)
2022-06-13 13:23:58.640  INFO 3084 --- [main] s.d.s.w.s.ApiListingReferenceScanner     : Scanning for api listing references
2022-06-13 13:23:58.877  INFO 3084 --- [main] com.example.bvs.BvsApplication           : Started BvsApplication in 18.593 seconds (JVM running for 19.782)
2022-06-13 13:24:03.651  INFO 3084 --- [http-nio-8080-exec-1] o.a.c.c.C.[Tomcat].[localhost].[/]       : Initializing Spring DispatcherServlet 'dispatcherServlet'
2022-06-13 13:24:03.652  INFO 3084 --- [http-nio-8080-exec-1] o.s.web.servlet.DispatcherServlet        : Initializing Servlet 'dispatcherServlet'
2022-06-13 13:24:03.653  INFO 3084 --- [http-nio-8080-exec-1] o.s.web.servlet.DispatcherServlet        : Completed initialization in 1 ms
2022-06-13 13:24:11.042  INFO 3084 --- [task-1] o.s.a.r.c.CachingConnectionFactory       : Attempting to connect to: [localhost:5672]
2022-06-13 13:24:11.269  INFO 3084 --- [task-1] o.s.a.r.c.CachingConnectionFactory       : Created new connection: rabbitConnectionFactory#7ed0020a:0/SimpleConnection@77fe4c4f [delegate=amqp://guest@127.0.0.1:5672/, localPort= 10633]
2022-06-13 13:30:43.269  WARN 3084 --- [HikariPool-1 housekeeper] com.zaxxer.hikari.pool.HikariPool        : HikariPool-1 - Thread starvation or clock leap detected (housekeeper delta=6m56s767ms847µs300ns).
2022-06-13 13:30:43.377  INFO 3084 --- [SpringContextShutdownHook] o.s.s.concurrent.ThreadPoolTaskExecutor  : Shutting down ExecutorService 'applicationTaskExecutor'
2022-06-13 13:30:43.386  INFO 3084 --- [SpringContextShutdownHook] j.LocalContainerEntityManagerFactoryBean : Closing JPA EntityManagerFactory for persistence unit 'default'
2022-06-13 13:30:43.390  INFO 3084 --- [SpringContextShutdownHook] com.zaxxer.hikari.HikariDataSource       : HikariPool-1 - Shutdown initiated...
2022-06-13 13:30:43.462  INFO 3084 --- [SpringContextShutdownHook] com.zaxxer.hikari.HikariDataSource       : HikariPool-1 - Shutdown completed.
2022-06-13 13:30:52.126  INFO 752 --- [main] com.example.bvs.BvsApplication           : Starting BvsApplication using Java 17.0.2 on Ahmed-Fouad with PID 752 (C:\workspace\Bvs\target\classes started by Ahmed.fouad in C:\workspace\Bvs)
2022-06-13 13:30:52.132  INFO 752 --- [main] com.example.bvs.BvsApplication           : The following profiles are active: local
2022-06-13 13:30:53.916  INFO 752 --- [main] .s.d.r.c.RepositoryConfigurationDelegate : Bootstrapping Spring Data JPA repositories in DEFAULT mode.
2022-06-13 13:30:54.046  INFO 752 --- [main] .s.d.r.c.RepositoryConfigurationDelegate : Finished Spring Data repository scanning in 109 ms. Found 1 JPA repository interfaces.
2022-06-13 13:30:55.558  INFO 752 --- [main] o.s.b.w.embedded.tomcat.TomcatWebServer  : Tomcat initialized with port(s): 8080 (http)
2022-06-13 13:30:55.585  INFO 752 --- [main] o.apache.catalina.core.StandardService   : Starting service [Tomcat]
2022-06-13 13:30:55.586  INFO 752 --- [main] org.apache.catalina.core.StandardEngine  : Starting Servlet engine: [Apache Tomcat/9.0.41]
2022-06-13 13:30:55.908  INFO 752 --- [main] o.a.c.c.C.[Tomcat].[localhost].[/]       : Initializing Spring embedded WebApplicationContext
2022-06-13 13:30:55.909  INFO 752 --- [main] w.s.c.ServletWebServerApplicationContext : Root WebApplicationContext: initialization completed in 3580 ms
2022-06-13 13:30:56.215  INFO 752 --- [main] com.zaxxer.hikari.HikariDataSource       : HikariPool-1 - Starting...
2022-06-13 13:30:57.143  INFO 752 --- [main] com.zaxxer.hikari.HikariDataSource       : HikariPool-1 - Start completed.
2022-06-13 13:31:02.435  INFO 752 --- [main] l.lockservice.StandardLockService        : Successfully acquired change log lock
2022-06-13 13:31:03.968  INFO 752 --- [main] l.c.StandardChangeLogHistoryService      : Reading from bvs.DATABASECHANGELOG
2022-06-13 13:31:04.027  INFO 752 --- [main] l.lockservice.StandardLockService        : Successfully released change log lock
2022-06-13 13:31:04.363  INFO 752 --- [main] o.hibernate.jpa.internal.util.LogHelper  : HHH000204: Processing PersistenceUnitInfo [name: default]
2022-06-13 13:31:04.549  INFO 752 --- [main] org.hibernate.Version                    : HHH000412: Hibernate ORM core version 5.4.27.Final
2022-06-13 13:31:04.948  INFO 752 --- [main] o.hibernate.annotations.common.Version   : HCANN000001: Hibernate Commons Annotations {5.1.2.Final}
2022-06-13 13:31:05.487  INFO 752 --- [main] org.hibernate.dialect.Dialect            : HHH000400: Using dialect: org.hibernate.dialect.MySQL8Dialect
2022-06-13 13:31:06.804  INFO 752 --- [main] o.h.e.t.j.p.i.JtaPlatformInitiator       : HHH000490: Using JtaPlatform implementation: [org.hibernate.engine.transaction.jta.platform.internal.NoJtaPlatform]
2022-06-13 13:31:06.826  INFO 752 --- [main] j.LocalContainerEntityManagerFactoryBean : Initialized JPA EntityManagerFactory for persistence unit 'default'
2022-06-13 13:31:08.357  WARN 752 --- [main] JpaBaseConfiguration$JpaWebConfiguration : spring.jpa.open-in-view is enabled by default. Therefore, database queries may be performed during view rendering. Explicitly configure spring.jpa.open-in-view to disable this warning
2022-06-13 13:31:09.069  INFO 752 --- [main] o.s.s.concurrent.ThreadPoolTaskExecutor  : Initializing ExecutorService 'applicationTaskExecutor'
2022-06-13 13:31:09.519  INFO 752 --- [main] o.s.b.w.embedded.tomcat.TomcatWebServer  : Tomcat started on port(s): 8080 (http) with context path ''
2022-06-13 13:31:09.521  INFO 752 --- [main] d.s.w.p.DocumentationPluginsBootstrapper : Context refreshed
2022-06-13 13:31:09.556  INFO 752 --- [main] d.s.w.p.DocumentationPluginsBootstrapper : Found 1 custom documentation plugin(s)
2022-06-13 13:31:09.580  INFO 752 --- [main] s.d.s.w.s.ApiListingReferenceScanner     : Scanning for api listing references
2022-06-13 13:31:09.865  INFO 752 --- [main] com.example.bvs.BvsApplication           : Started BvsApplication in 18.911 seconds (JVM running for 20.048)
2022-06-13 13:33:55.658  INFO 752 --- [SpringContextShutdownHook] o.s.s.concurrent.ThreadPoolTaskExecutor  : Shutting down ExecutorService 'applicationTaskExecutor'
2022-06-13 13:33:55.669  INFO 752 --- [SpringContextShutdownHook] j.LocalContainerEntityManagerFactoryBean : Closing JPA EntityManagerFactory for persistence unit 'default'
2022-06-13 13:33:55.673  INFO 752 --- [SpringContextShutdownHook] com.zaxxer.hikari.HikariDataSource       : HikariPool-1 - Shutdown initiated...
2022-06-13 13:33:55.873  INFO 752 --- [SpringContextShutdownHook] com.zaxxer.hikari.HikariDataSource       : HikariPool-1 - Shutdown completed.
2022-06-13 13:34:03.587  INFO 17652 --- [main] com.example.bvs.BvsApplication           : Starting BvsApplication using Java 17.0.2 on Ahmed-Fouad with PID 17652 (C:\workspace\Bvs\target\classes started by Ahmed.fouad in C:\workspace\Bvs)
2022-06-13 13:34:03.595  INFO 17652 --- [main] com.example.bvs.BvsApplication           : The following profiles are active: local
2022-06-13 13:34:06.345  INFO 17652 --- [main] .s.d.r.c.RepositoryConfigurationDelegate : Bootstrapping Spring Data JPA repositories in DEFAULT mode.
2022-06-13 13:34:06.691  INFO 17652 --- [main] .s.d.r.c.RepositoryConfigurationDelegate : Finished Spring Data repository scanning in 213 ms. Found 1 JPA repository interfaces.
2022-06-13 13:34:08.723  INFO 17652 --- [main] o.s.b.w.embedded.tomcat.TomcatWebServer  : Tomcat initialized with port(s): 8080 (http)
2022-06-13 13:34:08.767  INFO 17652 --- [main] o.apache.catalina.core.StandardService   : Starting service [Tomcat]
2022-06-13 13:34:08.768  INFO 17652 --- [main] org.apache.catalina.core.StandardEngine  : Starting Servlet engine: [Apache Tomcat/9.0.41]
2022-06-13 13:34:09.070  INFO 17652 --- [main] o.a.c.c.C.[Tomcat].[localhost].[/]       : Initializing Spring embedded WebApplicationContext
2022-06-13 13:34:09.071  INFO 17652 --- [main] w.s.c.ServletWebServerApplicationContext : Root WebApplicationContext: initialization completed in 5220 ms
2022-06-13 13:34:09.387  INFO 17652 --- [main] com.zaxxer.hikari.HikariDataSource       : HikariPool-1 - Starting...
2022-06-13 13:34:10.441  INFO 17652 --- [main] com.zaxxer.hikari.HikariDataSource       : HikariPool-1 - Start completed.
2022-06-13 13:34:17.416  INFO 17652 --- [main] l.lockservice.StandardLockService        : Successfully acquired change log lock
2022-06-13 13:34:18.867  INFO 17652 --- [main] l.c.StandardChangeLogHistoryService      : Reading from bvs.DATABASECHANGELOG
2022-06-13 13:34:18.931  INFO 17652 --- [main] l.lockservice.StandardLockService        : Successfully released change log lock
2022-06-13 13:34:19.385  INFO 17652 --- [main] o.hibernate.jpa.internal.util.LogHelper  : HHH000204: Processing PersistenceUnitInfo [name: default]
2022-06-13 13:34:19.701  INFO 17652 --- [main] org.hibernate.Version                    : HHH000412: Hibernate ORM core version 5.4.27.Final
2022-06-13 13:34:20.260  INFO 17652 --- [main] o.hibernate.annotations.common.Version   : HCANN000001: Hibernate Commons Annotations {5.1.2.Final}
2022-06-13 13:34:20.549  INFO 17652 --- [main] org.hibernate.dialect.Dialect            : HHH000400: Using dialect: org.hibernate.dialect.MySQL8Dialect
2022-06-13 13:34:23.057  INFO 17652 --- [main] o.h.e.t.j.p.i.JtaPlatformInitiator       : HHH000490: Using JtaPlatform implementation: [org.hibernate.engine.transaction.jta.platform.internal.NoJtaPlatform]
2022-06-13 13:34:23.084  INFO 17652 --- [main] j.LocalContainerEntityManagerFactoryBean : Initialized JPA EntityManagerFactory for persistence unit 'default'
2022-06-13 13:34:25.462  WARN 17652 --- [main] JpaBaseConfiguration$JpaWebConfiguration : spring.jpa.open-in-view is enabled by default. Therefore, database queries may be performed during view rendering. Explicitly configure spring.jpa.open-in-view to disable this warning
2022-06-13 13:34:26.677  INFO 17652 --- [main] o.s.s.concurrent.ThreadPoolTaskExecutor  : Initializing ExecutorService 'applicationTaskExecutor'
2022-06-13 13:34:27.195  INFO 17652 --- [main] o.s.b.w.embedded.tomcat.TomcatWebServer  : Tomcat started on port(s): 8080 (http) with context path ''
2022-06-13 13:34:27.197  INFO 17652 --- [main] d.s.w.p.DocumentationPluginsBootstrapper : Context refreshed
2022-06-13 13:34:27.234  INFO 17652 --- [main] d.s.w.p.DocumentationPluginsBootstrapper : Found 1 custom documentation plugin(s)
2022-06-13 13:34:27.259  INFO 17652 --- [main] s.d.s.w.s.ApiListingReferenceScanner     : Scanning for api listing references
2022-06-13 13:34:27.556  INFO 17652 --- [main] com.example.bvs.BvsApplication           : Started BvsApplication in 26.459 seconds (JVM running for 28.144)
2022-06-13 13:36:51.654  INFO 17652 --- [http-nio-8080-exec-1] o.a.c.c.C.[Tomcat].[localhost].[/]       : Initializing Spring DispatcherServlet 'dispatcherServlet'
2022-06-13 13:36:51.654  INFO 17652 --- [http-nio-8080-exec-1] o.s.web.servlet.DispatcherServlet        : Initializing Servlet 'dispatcherServlet'
2022-06-13 13:36:51.656  INFO 17652 --- [http-nio-8080-exec-1] o.s.web.servlet.DispatcherServlet        : Completed initialization in 2 ms
2022-06-13 13:36:57.488  INFO 17652 --- [task-1] o.s.a.r.c.CachingConnectionFactory       : Attempting to connect to: [localhost:5672]
2022-06-13 13:36:57.578  INFO 17652 --- [task-1] o.s.a.r.c.CachingConnectionFactory       : Created new connection: rabbitConnectionFactory#62f11904:0/SimpleConnection@37392ee4 [delegate=amqp://guest@127.0.0.1:5672/, localPort= 10482]
2022-06-13 13:38:08.073  INFO 17652 --- [SpringContextShutdownHook] o.s.s.concurrent.ThreadPoolTaskExecutor  : Shutting down ExecutorService 'applicationTaskExecutor'
2022-06-13 13:38:08.138  INFO 17652 --- [SpringContextShutdownHook] j.LocalContainerEntityManagerFactoryBean : Closing JPA EntityManagerFactory for persistence unit 'default'
2022-06-13 13:38:08.144  INFO 17652 --- [SpringContextShutdownHook] com.zaxxer.hikari.HikariDataSource       : HikariPool-1 - Shutdown initiated...
2022-06-13 13:38:08.188  INFO 17652 --- [SpringContextShutdownHook] com.zaxxer.hikari.HikariDataSource       : HikariPool-1 - Shutdown completed.
2022-06-13 13:38:16.635  INFO 3708 --- [main] com.example.bvs.BvsApplication           : Starting BvsApplication using Java 17.0.2 on Ahmed-Fouad with PID 3708 (C:\workspace\Bvs\target\classes started by Ahmed.fouad in C:\workspace\Bvs)
2022-06-13 13:38:16.641  INFO 3708 --- [main] com.example.bvs.BvsApplication           : The following profiles are active: local
2022-06-13 13:38:18.299  INFO 3708 --- [main] .s.d.r.c.RepositoryConfigurationDelegate : Bootstrapping Spring Data JPA repositories in DEFAULT mode.
2022-06-13 13:38:18.423  INFO 3708 --- [main] .s.d.r.c.RepositoryConfigurationDelegate : Finished Spring Data repository scanning in 106 ms. Found 1 JPA repository interfaces.
2022-06-13 13:38:19.695  INFO 3708 --- [main] o.s.b.w.embedded.tomcat.TomcatWebServer  : Tomcat initialized with port(s): 8080 (http)
2022-06-13 13:38:19.718  INFO 3708 --- [main] o.apache.catalina.core.StandardService   : Starting service [Tomcat]
2022-06-13 13:38:19.719  INFO 3708 --- [main] org.apache.catalina.core.StandardEngine  : Starting Servlet engine: [Apache Tomcat/9.0.41]
2022-06-13 13:38:19.969  INFO 3708 --- [main] o.a.c.c.C.[Tomcat].[localhost].[/]       : Initializing Spring embedded WebApplicationContext
2022-06-13 13:38:19.970  INFO 3708 --- [main] w.s.c.ServletWebServerApplicationContext : Root WebApplicationContext: initialization completed in 3166 ms
2022-06-13 13:38:20.218  INFO 3708 --- [main] com.zaxxer.hikari.HikariDataSource       : HikariPool-1 - Starting...
2022-06-13 13:38:21.140  INFO 3708 --- [main] com.zaxxer.hikari.HikariDataSource       : HikariPool-1 - Start completed.
2022-06-13 13:38:25.442  INFO 3708 --- [main] l.lockservice.StandardLockService        : Successfully acquired change log lock
2022-06-13 13:38:26.795  INFO 3708 --- [main] l.c.StandardChangeLogHistoryService      : Reading from bvs.DATABASECHANGELOG
2022-06-13 13:38:26.873  INFO 3708 --- [main] l.lockservice.StandardLockService        : Successfully released change log lock
2022-06-13 13:38:27.196  INFO 3708 --- [main] o.hibernate.jpa.internal.util.LogHelper  : HHH000204: Processing PersistenceUnitInfo [name: default]
2022-06-13 13:38:27.347  INFO 3708 --- [main] org.hibernate.Version                    : HHH000412: Hibernate ORM core version 5.4.27.Final
2022-06-13 13:38:27.886  INFO 3708 --- [main] o.hibernate.annotations.common.Version   : HCANN000001: Hibernate Commons Annotations {5.1.2.Final}
2022-06-13 13:38:28.230  INFO 3708 --- [main] org.hibernate.dialect.Dialect            : HHH000400: Using dialect: org.hibernate.dialect.MySQL8Dialect
2022-06-13 13:38:29.899  INFO 3708 --- [main] o.h.e.t.j.p.i.JtaPlatformInitiator       : HHH000490: Using JtaPlatform implementation: [org.hibernate.engine.transaction.jta.platform.internal.NoJtaPlatform]
2022-06-13 13:38:29.977  INFO 3708 --- [main] j.LocalContainerEntityManagerFactoryBean : Initialized JPA EntityManagerFactory for persistence unit 'default'
2022-06-13 13:38:33.049  WARN 3708 --- [main] JpaBaseConfiguration$JpaWebConfiguration : spring.jpa.open-in-view is enabled by default. Therefore, database queries may be performed during view rendering. Explicitly configure spring.jpa.open-in-view to disable this warning
2022-06-13 13:38:33.969  INFO 3708 --- [main] o.s.s.concurrent.ThreadPoolTaskExecutor  : Initializing ExecutorService 'applicationTaskExecutor'
2022-06-13 13:38:35.251  INFO 3708 --- [main] o.s.b.w.embedded.tomcat.TomcatWebServer  : Tomcat started on port(s): 8080 (http) with context path ''
2022-06-13 13:38:35.283  INFO 3708 --- [main] d.s.w.p.DocumentationPluginsBootstrapper : Context refreshed
2022-06-13 13:38:35.336  INFO 3708 --- [main] d.s.w.p.DocumentationPluginsBootstrapper : Found 1 custom documentation plugin(s)
2022-06-13 13:38:35.505  INFO 3708 --- [main] s.d.s.w.s.ApiListingReferenceScanner     : Scanning for api listing references
2022-06-13 13:38:35.963  INFO 3708 --- [main] com.example.bvs.BvsApplication           : Started BvsApplication in 20.429 seconds (JVM running for 21.7)
2022-06-13 13:38:50.637  INFO 3708 --- [http-nio-8080-exec-1] o.a.c.c.C.[Tomcat].[localhost].[/]       : Initializing Spring DispatcherServlet 'dispatcherServlet'
2022-06-13 13:38:50.638  INFO 3708 --- [http-nio-8080-exec-1] o.s.web.servlet.DispatcherServlet        : Initializing Servlet 'dispatcherServlet'
2022-06-13 13:38:50.640  INFO 3708 --- [http-nio-8080-exec-1] o.s.web.servlet.DispatcherServlet        : Completed initialization in 1 ms
2022-06-13 13:38:56.006 ERROR 3708 --- [task-1] .a.i.SimpleAsyncUncaughtExceptionHandler : Unexpected exception occurred invoking async method: public void com.example.bvs.service.RouterService.handleHttpClientRequest(java.lang.Object,java.lang.String,javax.servlet.http.HttpServletRequest)

java.lang.IllegalArgumentException: SimpleMessageConverter only supports String, byte[] and Serializable payloads, received: com.example.bvs.dto.EventMessageDto
	at org.springframework.amqp.support.converter.SimpleMessageConverter.createMessage(SimpleMessageConverter.java:164) ~[spring-amqp-2.3.4.jar:2.3.4]
	at org.springframework.amqp.support.converter.AbstractMessageConverter.createMessage(AbstractMessageConverter.java:88) ~[spring-amqp-2.3.4.jar:2.3.4]
	at org.springframework.amqp.support.converter.AbstractMessageConverter.toMessage(AbstractMessageConverter.java:70) ~[spring-amqp-2.3.4.jar:2.3.4]
	at org.springframework.amqp.support.converter.AbstractMessageConverter.toMessage(AbstractMessageConverter.java:58) ~[spring-amqp-2.3.4.jar:2.3.4]
	at org.springframework.amqp.rabbit.core.RabbitTemplate.convertMessageIfNecessary(RabbitTemplate.java:1797) ~[spring-rabbit-2.3.4.jar:2.3.4]
	at org.springframework.amqp.rabbit.core.RabbitTemplate.convertAndSend(RabbitTemplate.java:1114) ~[spring-rabbit-2.3.4.jar:2.3.4]
	at org.springframework.amqp.rabbit.core.RabbitTemplate.convertAndSend(RabbitTemplate.java:1096) ~[spring-rabbit-2.3.4.jar:2.3.4]
	at com.example.bvs.service.IntegrationService.composeAndPut(IntegrationService.java:23) ~[classes/:na]
	at com.example.bvs.service.RouterService.handleHttpClientRequest(RouterService.java:31) ~[classes/:na]
	at com.example.bvs.service.RouterService$$FastClassBySpringCGLIB$$62f08d3.invoke(<generated>) ~[classes/:na]
	at org.springframework.cglib.proxy.MethodProxy.invoke(MethodProxy.java:218) ~[spring-core-5.3.3.jar:5.3.3]
	at org.springframework.aop.framework.CglibAopProxy$CglibMethodInvocation.invokeJoinpoint(CglibAopProxy.java:779) ~[spring-aop-5.3.3.jar:5.3.3]
	at org.springframework.aop.framework.ReflectiveMethodInvocation.proceed(ReflectiveMethodInvocation.java:163) ~[spring-aop-5.3.3.jar:5.3.3]
	at org.springframework.aop.framework.CglibAopProxy$CglibMethodInvocation.proceed(CglibAopProxy.java:750) ~[spring-aop-5.3.3.jar:5.3.3]
	at org.springframework.aop.interceptor.AsyncExecutionInterceptor.lambda$invoke$0(AsyncExecutionInterceptor.java:115) ~[spring-aop-5.3.3.jar:5.3.3]
	at java.base/java.util.concurrent.FutureTask.run$$$capture(FutureTask.java:264) ~[na:na]
	at java.base/java.util.concurrent.FutureTask.run(FutureTask.java) ~[na:na]
	at java.base/java.util.concurrent.ThreadPoolExecutor.runWorker(ThreadPoolExecutor.java:1136) ~[na:na]
	at java.base/java.util.concurrent.ThreadPoolExecutor$Worker.run(ThreadPoolExecutor.java:635) ~[na:na]
	at java.base/java.lang.Thread.run(Thread.java:833) ~[na:na]

2022-06-13 13:39:33.265 ERROR 3708 --- [task-2] .a.i.SimpleAsyncUncaughtExceptionHandler : Unexpected exception occurred invoking async method: public void com.example.bvs.service.RouterService.handleHttpClientRequest(java.lang.Object,java.lang.String,javax.servlet.http.HttpServletRequest)

java.lang.IllegalArgumentException: SimpleMessageConverter only supports String, byte[] and Serializable payloads, received: com.example.bvs.dto.EventMessageDto
	at org.springframework.amqp.support.converter.SimpleMessageConverter.createMessage(SimpleMessageConverter.java:164) ~[spring-amqp-2.3.4.jar:2.3.4]
	at org.springframework.amqp.support.converter.AbstractMessageConverter.createMessage(AbstractMessageConverter.java:88) ~[spring-amqp-2.3.4.jar:2.3.4]
	at org.springframework.amqp.support.converter.AbstractMessageConverter.toMessage(AbstractMessageConverter.java:70) ~[spring-amqp-2.3.4.jar:2.3.4]
	at org.springframework.amqp.support.converter.AbstractMessageConverter.toMessage(AbstractMessageConverter.java:58) ~[spring-amqp-2.3.4.jar:2.3.4]
	at org.springframework.amqp.rabbit.core.RabbitTemplate.convertMessageIfNecessary(RabbitTemplate.java:1797) ~[spring-rabbit-2.3.4.jar:2.3.4]
	at org.springframework.amqp.rabbit.core.RabbitTemplate.convertAndSend(RabbitTemplate.java:1114) ~[spring-rabbit-2.3.4.jar:2.3.4]
	at org.springframework.amqp.rabbit.core.RabbitTemplate.convertAndSend(RabbitTemplate.java:1096) ~[spring-rabbit-2.3.4.jar:2.3.4]
	at com.example.bvs.service.IntegrationService.composeAndPut(IntegrationService.java:23) ~[classes/:na]
	at com.example.bvs.service.RouterService.handleHttpClientRequest(RouterService.java:31) ~[classes/:na]
	at com.example.bvs.service.RouterService$$FastClassBySpringCGLIB$$62f08d3.invoke(<generated>) ~[classes/:na]
	at org.springframework.cglib.proxy.MethodProxy.invoke(MethodProxy.java:218) ~[spring-core-5.3.3.jar:5.3.3]
	at org.springframework.aop.framework.CglibAopProxy$CglibMethodInvocation.invokeJoinpoint(CglibAopProxy.java:779) ~[spring-aop-5.3.3.jar:5.3.3]
	at org.springframework.aop.framework.ReflectiveMethodInvocation.proceed(ReflectiveMethodInvocation.java:163) ~[spring-aop-5.3.3.jar:5.3.3]
	at org.springframework.aop.framework.CglibAopProxy$CglibMethodInvocation.proceed(CglibAopProxy.java:750) ~[spring-aop-5.3.3.jar:5.3.3]
	at org.springframework.aop.interceptor.AsyncExecutionInterceptor.lambda$invoke$0(AsyncExecutionInterceptor.java:115) ~[spring-aop-5.3.3.jar:5.3.3]
	at java.base/java.util.concurrent.FutureTask.run$$$capture(FutureTask.java:264) ~[na:na]
	at java.base/java.util.concurrent.FutureTask.run(FutureTask.java) ~[na:na]
	at java.base/java.util.concurrent.ThreadPoolExecutor.runWorker(ThreadPoolExecutor.java:1136) ~[na:na]
	at java.base/java.util.concurrent.ThreadPoolExecutor$Worker.run(ThreadPoolExecutor.java:635) ~[na:na]
	at java.base/java.lang.Thread.run(Thread.java:833) ~[na:na]

2022-06-13 13:40:08.530 ERROR 3708 --- [task-3] .a.i.SimpleAsyncUncaughtExceptionHandler : Unexpected exception occurred invoking async method: public void com.example.bvs.service.RouterService.handleHttpClientRequest(java.lang.Object,java.lang.String,javax.servlet.http.HttpServletRequest)

java.lang.IllegalArgumentException: SimpleMessageConverter only supports String, byte[] and Serializable payloads, received: com.example.bvs.dto.EventMessageDto
	at org.springframework.amqp.support.converter.SimpleMessageConverter.createMessage(SimpleMessageConverter.java:164) ~[spring-amqp-2.3.4.jar:2.3.4]
	at org.springframework.amqp.support.converter.AbstractMessageConverter.createMessage(AbstractMessageConverter.java:88) ~[spring-amqp-2.3.4.jar:2.3.4]
	at org.springframework.amqp.support.converter.AbstractMessageConverter.toMessage(AbstractMessageConverter.java:70) ~[spring-amqp-2.3.4.jar:2.3.4]
	at org.springframework.amqp.support.converter.AbstractMessageConverter.toMessage(AbstractMessageConverter.java:58) ~[spring-amqp-2.3.4.jar:2.3.4]
	at org.springframework.amqp.rabbit.core.RabbitTemplate.convertMessageIfNecessary(RabbitTemplate.java:1797) ~[spring-rabbit-2.3.4.jar:2.3.4]
	at org.springframework.amqp.rabbit.core.RabbitTemplate.convertAndSend(RabbitTemplate.java:1114) ~[spring-rabbit-2.3.4.jar:2.3.4]
	at org.springframework.amqp.rabbit.core.RabbitTemplate.convertAndSend(RabbitTemplate.java:1096) ~[spring-rabbit-2.3.4.jar:2.3.4]
	at com.example.bvs.service.IntegrationService.composeAndPut(IntegrationService.java:23) ~[classes/:na]
	at com.example.bvs.service.RouterService.handleHttpClientRequest(RouterService.java:31) ~[classes/:na]
	at com.example.bvs.service.RouterService$$FastClassBySpringCGLIB$$62f08d3.invoke(<generated>) ~[classes/:na]
	at org.springframework.cglib.proxy.MethodProxy.invoke(MethodProxy.java:218) ~[spring-core-5.3.3.jar:5.3.3]
	at org.springframework.aop.framework.CglibAopProxy$CglibMethodInvocation.invokeJoinpoint(CglibAopProxy.java:779) ~[spring-aop-5.3.3.jar:5.3.3]
	at org.springframework.aop.framework.ReflectiveMethodInvocation.proceed(ReflectiveMethodInvocation.java:163) ~[spring-aop-5.3.3.jar:5.3.3]
	at org.springframework.aop.framework.CglibAopProxy$CglibMethodInvocation.proceed(CglibAopProxy.java:750) ~[spring-aop-5.3.3.jar:5.3.3]
	at org.springframework.aop.interceptor.AsyncExecutionInterceptor.lambda$invoke$0(AsyncExecutionInterceptor.java:115) ~[spring-aop-5.3.3.jar:5.3.3]
	at java.base/java.util.concurrent.FutureTask.run$$$capture(FutureTask.java:264) ~[na:na]
	at java.base/java.util.concurrent.FutureTask.run(FutureTask.java) ~[na:na]
	at java.base/java.util.concurrent.ThreadPoolExecutor.runWorker(ThreadPoolExecutor.java:1136) ~[na:na]
	at java.base/java.util.concurrent.ThreadPoolExecutor$Worker.run(ThreadPoolExecutor.java:635) ~[na:na]
	at java.base/java.lang.Thread.run(Thread.java:833) ~[na:na]

2022-06-13 13:40:51.011  INFO 3708 --- [SpringContextShutdownHook] o.s.s.concurrent.ThreadPoolTaskExecutor  : Shutting down ExecutorService 'applicationTaskExecutor'
2022-06-13 13:40:51.023  INFO 3708 --- [SpringContextShutdownHook] j.LocalContainerEntityManagerFactoryBean : Closing JPA EntityManagerFactory for persistence unit 'default'
2022-06-13 13:40:51.027  INFO 3708 --- [SpringContextShutdownHook] com.zaxxer.hikari.HikariDataSource       : HikariPool-1 - Shutdown initiated...
2022-06-13 13:40:51.109  INFO 3708 --- [SpringContextShutdownHook] com.zaxxer.hikari.HikariDataSource       : HikariPool-1 - Shutdown completed.
2022-06-13 13:40:58.278  INFO 16756 --- [main] com.example.bvs.BvsApplication           : Starting BvsApplication using Java 17.0.2 on Ahmed-Fouad with PID 16756 (C:\workspace\Bvs\target\classes started by Ahmed.fouad in C:\workspace\Bvs)
2022-06-13 13:40:58.286  INFO 16756 --- [main] com.example.bvs.BvsApplication           : The following profiles are active: local
2022-06-13 13:41:00.298  INFO 16756 --- [main] .s.d.r.c.RepositoryConfigurationDelegate : Bootstrapping Spring Data JPA repositories in DEFAULT mode.
2022-06-13 13:41:00.445  INFO 16756 --- [main] .s.d.r.c.RepositoryConfigurationDelegate : Finished Spring Data repository scanning in 120 ms. Found 1 JPA repository interfaces.
2022-06-13 13:41:01.973  INFO 16756 --- [main] o.s.b.w.embedded.tomcat.TomcatWebServer  : Tomcat initialized with port(s): 8080 (http)
2022-06-13 13:41:02.000  INFO 16756 --- [main] o.apache.catalina.core.StandardService   : Starting service [Tomcat]
2022-06-13 13:41:02.001  INFO 16756 --- [main] org.apache.catalina.core.StandardEngine  : Starting Servlet engine: [Apache Tomcat/9.0.41]
2022-06-13 13:41:02.303  INFO 16756 --- [main] o.a.c.c.C.[Tomcat].[localhost].[/]       : Initializing Spring embedded WebApplicationContext
2022-06-13 13:41:02.304  INFO 16756 --- [main] w.s.c.ServletWebServerApplicationContext : Root WebApplicationContext: initialization completed in 3838 ms
2022-06-13 13:41:02.565  INFO 16756 --- [main] com.zaxxer.hikari.HikariDataSource       : HikariPool-1 - Starting...
2022-06-13 13:41:03.442  INFO 16756 --- [main] com.zaxxer.hikari.HikariDataSource       : HikariPool-1 - Start completed.
2022-06-13 13:41:07.687  INFO 16756 --- [main] l.lockservice.StandardLockService        : Successfully acquired change log lock
2022-06-13 13:41:08.460  INFO 16756 --- [main] l.c.StandardChangeLogHistoryService      : Reading from bvs.DATABASECHANGELOG
2022-06-13 13:41:08.505  INFO 16756 --- [main] l.lockservice.StandardLockService        : Successfully released change log lock
2022-06-13 13:41:08.726  INFO 16756 --- [main] o.hibernate.jpa.internal.util.LogHelper  : HHH000204: Processing PersistenceUnitInfo [name: default]
2022-06-13 13:41:08.853  INFO 16756 --- [main] org.hibernate.Version                    : HHH000412: Hibernate ORM core version 5.4.27.Final
2022-06-13 13:41:09.183  INFO 16756 --- [main] o.hibernate.annotations.common.Version   : HCANN000001: Hibernate Commons Annotations {5.1.2.Final}
2022-06-13 13:41:09.410  INFO 16756 --- [main] org.hibernate.dialect.Dialect            : HHH000400: Using dialect: org.hibernate.dialect.MySQL8Dialect
2022-06-13 13:41:10.413  INFO 16756 --- [main] o.h.e.t.j.p.i.JtaPlatformInitiator       : HHH000490: Using JtaPlatform implementation: [org.hibernate.engine.transaction.jta.platform.internal.NoJtaPlatform]
2022-06-13 13:41:10.432  INFO 16756 --- [main] j.LocalContainerEntityManagerFactoryBean : Initialized JPA EntityManagerFactory for persistence unit 'default'
2022-06-13 13:41:11.892  WARN 16756 --- [main] JpaBaseConfiguration$JpaWebConfiguration : spring.jpa.open-in-view is enabled by default. Therefore, database queries may be performed during view rendering. Explicitly configure spring.jpa.open-in-view to disable this warning
2022-06-13 13:41:12.684  INFO 16756 --- [main] o.s.s.concurrent.ThreadPoolTaskExecutor  : Initializing ExecutorService 'applicationTaskExecutor'
2022-06-13 13:41:13.142  INFO 16756 --- [main] o.s.b.w.embedded.tomcat.TomcatWebServer  : Tomcat started on port(s): 8080 (http) with context path ''
2022-06-13 13:41:13.144  INFO 16756 --- [main] d.s.w.p.DocumentationPluginsBootstrapper : Context refreshed
2022-06-13 13:41:13.176  INFO 16756 --- [main] d.s.w.p.DocumentationPluginsBootstrapper : Found 1 custom documentation plugin(s)
2022-06-13 13:41:13.196  INFO 16756 --- [main] s.d.s.w.s.ApiListingReferenceScanner     : Scanning for api listing references
2022-06-13 13:41:13.442  INFO 16756 --- [main] com.example.bvs.BvsApplication           : Started BvsApplication in 16.423 seconds (JVM running for 17.759)
2022-06-13 13:41:18.587  INFO 16756 --- [http-nio-8080-exec-1] o.a.c.c.C.[Tomcat].[localhost].[/]       : Initializing Spring DispatcherServlet 'dispatcherServlet'
2022-06-13 13:41:18.589  INFO 16756 --- [http-nio-8080-exec-1] o.s.web.servlet.DispatcherServlet        : Initializing Servlet 'dispatcherServlet'
2022-06-13 13:41:18.613  INFO 16756 --- [http-nio-8080-exec-1] o.s.web.servlet.DispatcherServlet        : Completed initialization in 22 ms
2022-06-13 13:41:22.786  INFO 16756 --- [task-1] o.s.a.r.c.CachingConnectionFactory       : Attempting to connect to: [localhost:5672]
2022-06-13 13:41:22.929  INFO 16756 --- [task-1] o.s.a.r.c.CachingConnectionFactory       : Created new connection: rabbitConnectionFactory#13485e82:0/SimpleConnection@1004b997 [delegate=amqp://guest@127.0.0.1:5672/, localPort= 10612]
2022-06-13 13:44:37.716  INFO 16756 --- [SpringContextShutdownHook] o.s.s.concurrent.ThreadPoolTaskExecutor  : Shutting down ExecutorService 'applicationTaskExecutor'
2022-06-13 13:44:38.000  INFO 16756 --- [SpringContextShutdownHook] j.LocalContainerEntityManagerFactoryBean : Closing JPA EntityManagerFactory for persistence unit 'default'
2022-06-13 13:44:38.063  INFO 16756 --- [SpringContextShutdownHook] com.zaxxer.hikari.HikariDataSource       : HikariPool-1 - Shutdown initiated...
2022-06-13 13:44:38.406  INFO 16756 --- [SpringContextShutdownHook] com.zaxxer.hikari.HikariDataSource       : HikariPool-1 - Shutdown completed.
2022-06-13 13:48:33.198  INFO 16552 --- [main] com.example.bvs.BvsApplication           : Starting BvsApplication using Java 17.0.2 on Ahmed-Fouad with PID 16552 (C:\workspace\Bvs\target\classes started by Ahmed.fouad in C:\workspace\Bvs)
2022-06-13 13:48:33.208  INFO 16552 --- [main] com.example.bvs.BvsApplication           : The following profiles are active: local
2022-06-13 13:48:35.155  INFO 16552 --- [main] .s.d.r.c.RepositoryConfigurationDelegate : Bootstrapping Spring Data JPA repositories in DEFAULT mode.
2022-06-13 13:48:35.279  INFO 16552 --- [main] .s.d.r.c.RepositoryConfigurationDelegate : Finished Spring Data repository scanning in 104 ms. Found 1 JPA repository interfaces.
2022-06-13 13:48:36.789  INFO 16552 --- [main] o.s.b.w.embedded.tomcat.TomcatWebServer  : Tomcat initialized with port(s): 8080 (http)
2022-06-13 13:48:36.833  INFO 16552 --- [main] o.apache.catalina.core.StandardService   : Starting service [Tomcat]
2022-06-13 13:48:36.835  INFO 16552 --- [main] org.apache.catalina.core.StandardEngine  : Starting Servlet engine: [Apache Tomcat/9.0.41]
2022-06-13 13:48:37.085  INFO 16552 --- [main] o.a.c.c.C.[Tomcat].[localhost].[/]       : Initializing Spring embedded WebApplicationContext
2022-06-13 13:48:37.086  INFO 16552 --- [main] w.s.c.ServletWebServerApplicationContext : Root WebApplicationContext: initialization completed in 3712 ms
2022-06-13 13:48:37.427  INFO 16552 --- [main] com.zaxxer.hikari.HikariDataSource       : HikariPool-1 - Starting...
2022-06-13 13:48:38.249  INFO 16552 --- [main] com.zaxxer.hikari.HikariDataSource       : HikariPool-1 - Start completed.
2022-06-13 13:48:42.519  INFO 16552 --- [main] l.lockservice.StandardLockService        : Successfully acquired change log lock
2022-06-13 13:48:43.261  INFO 16552 --- [main] l.c.StandardChangeLogHistoryService      : Reading from bvs.DATABASECHANGELOG
2022-06-13 13:48:43.316  INFO 16552 --- [main] l.lockservice.StandardLockService        : Successfully released change log lock
2022-06-13 13:48:43.538  INFO 16552 --- [main] o.hibernate.jpa.internal.util.LogHelper  : HHH000204: Processing PersistenceUnitInfo [name: default]
2022-06-13 13:48:43.645  INFO 16552 --- [main] org.hibernate.Version                    : HHH000412: Hibernate ORM core version 5.4.27.Final
2022-06-13 13:48:43.946  INFO 16552 --- [main] o.hibernate.annotations.common.Version   : HCANN000001: Hibernate Commons Annotations {5.1.2.Final}
2022-06-13 13:48:44.166  INFO 16552 --- [main] org.hibernate.dialect.Dialect            : HHH000400: Using dialect: org.hibernate.dialect.MySQL8Dialect
2022-06-13 13:48:45.282  INFO 16552 --- [main] o.h.e.t.j.p.i.JtaPlatformInitiator       : HHH000490: Using JtaPlatform implementation: [org.hibernate.engine.transaction.jta.platform.internal.NoJtaPlatform]
2022-06-13 13:48:45.303  INFO 16552 --- [main] j.LocalContainerEntityManagerFactoryBean : Initialized JPA EntityManagerFactory for persistence unit 'default'
2022-06-13 13:48:47.346  WARN 16552 --- [main] JpaBaseConfiguration$JpaWebConfiguration : spring.jpa.open-in-view is enabled by default. Therefore, database queries may be performed during view rendering. Explicitly configure spring.jpa.open-in-view to disable this warning
2022-06-13 13:48:48.894  INFO 16552 --- [main] o.s.s.concurrent.ThreadPoolTaskExecutor  : Initializing ExecutorService 'applicationTaskExecutor'
2022-06-13 13:48:49.801  INFO 16552 --- [main] o.s.b.w.embedded.tomcat.TomcatWebServer  : Tomcat started on port(s): 8080 (http) with context path ''
2022-06-13 13:48:49.805  INFO 16552 --- [main] d.s.w.p.DocumentationPluginsBootstrapper : Context refreshed
2022-06-13 13:48:49.928  INFO 16552 --- [main] d.s.w.p.DocumentationPluginsBootstrapper : Found 1 custom documentation plugin(s)
2022-06-13 13:48:50.068  INFO 16552 --- [main] s.d.s.w.s.ApiListingReferenceScanner     : Scanning for api listing references
2022-06-13 13:48:50.787  INFO 16552 --- [main] com.example.bvs.BvsApplication           : Started BvsApplication in 19.143 seconds (JVM running for 20.437)
2022-06-13 13:49:06.865  INFO 16552 --- [http-nio-8080-exec-2] o.a.c.c.C.[Tomcat].[localhost].[/]       : Initializing Spring DispatcherServlet 'dispatcherServlet'
2022-06-13 13:49:06.866  INFO 16552 --- [http-nio-8080-exec-2] o.s.web.servlet.DispatcherServlet        : Initializing Servlet 'dispatcherServlet'
2022-06-13 13:49:06.869  INFO 16552 --- [http-nio-8080-exec-2] o.s.web.servlet.DispatcherServlet        : Completed initialization in 3 ms
2022-06-13 13:49:12.749  INFO 16552 --- [task-1] o.s.a.r.c.CachingConnectionFactory       : Attempting to connect to: [localhost:5672]
2022-06-13 13:49:12.831  INFO 16552 --- [task-1] o.s.a.r.c.CachingConnectionFactory       : Created new connection: rabbitConnectionFactory#4c66b3d9:0/SimpleConnection@41227be0 [delegate=amqp://guest@127.0.0.1:5672/, localPort= 11945]
2022-06-13 13:50:44.847  INFO 16552 --- [SpringContextShutdownHook] o.s.s.concurrent.ThreadPoolTaskExecutor  : Shutting down ExecutorService 'applicationTaskExecutor'
2022-06-13 13:50:44.887  INFO 16552 --- [SpringContextShutdownHook] j.LocalContainerEntityManagerFactoryBean : Closing JPA EntityManagerFactory for persistence unit 'default'
2022-06-13 13:50:44.892  INFO 16552 --- [SpringContextShutdownHook] com.zaxxer.hikari.HikariDataSource       : HikariPool-1 - Shutdown initiated...
2022-06-13 13:50:44.978  INFO 16552 --- [SpringContextShutdownHook] com.zaxxer.hikari.HikariDataSource       : HikariPool-1 - Shutdown completed.
2022-06-13 13:50:51.948  INFO 16680 --- [main] com.example.bvs.BvsApplication           : Starting BvsApplication using Java 17.0.2 on Ahmed-Fouad with PID 16680 (C:\workspace\Bvs\target\classes started by Ahmed.fouad in C:\workspace\Bvs)
2022-06-13 13:50:51.953  INFO 16680 --- [main] com.example.bvs.BvsApplication           : The following profiles are active: local
2022-06-13 13:50:53.611  INFO 16680 --- [main] .s.d.r.c.RepositoryConfigurationDelegate : Bootstrapping Spring Data JPA repositories in DEFAULT mode.
2022-06-13 13:50:53.733  INFO 16680 --- [main] .s.d.r.c.RepositoryConfigurationDelegate : Finished Spring Data repository scanning in 101 ms. Found 1 JPA repository interfaces.
2022-06-13 13:50:54.985  INFO 16680 --- [main] o.s.b.w.embedded.tomcat.TomcatWebServer  : Tomcat initialized with port(s): 8080 (http)
2022-06-13 13:50:55.021  INFO 16680 --- [main] o.apache.catalina.core.StandardService   : Starting service [Tomcat]
2022-06-13 13:50:55.023  INFO 16680 --- [main] org.apache.catalina.core.StandardEngine  : Starting Servlet engine: [Apache Tomcat/9.0.41]
2022-06-13 13:50:55.204  INFO 16680 --- [main] o.a.c.c.C.[Tomcat].[localhost].[/]       : Initializing Spring embedded WebApplicationContext
2022-06-13 13:50:55.205  INFO 16680 --- [main] w.s.c.ServletWebServerApplicationContext : Root WebApplicationContext: initialization completed in 3093 ms
2022-06-13 13:50:55.424  INFO 16680 --- [main] com.zaxxer.hikari.HikariDataSource       : HikariPool-1 - Starting...
2022-06-13 13:50:56.304  INFO 16680 --- [main] com.zaxxer.hikari.HikariDataSource       : HikariPool-1 - Start completed.
2022-06-13 13:50:59.793  INFO 16680 --- [main] l.lockservice.StandardLockService        : Successfully acquired change log lock
2022-06-13 13:51:00.629  INFO 16680 --- [main] l.c.StandardChangeLogHistoryService      : Reading from bvs.DATABASECHANGELOG
2022-06-13 13:51:00.678  INFO 16680 --- [main] l.lockservice.StandardLockService        : Successfully released change log lock
2022-06-13 13:51:00.971  INFO 16680 --- [main] o.hibernate.jpa.internal.util.LogHelper  : HHH000204: Processing PersistenceUnitInfo [name: default]
2022-06-13 13:51:01.076  INFO 16680 --- [main] org.hibernate.Version                    : HHH000412: Hibernate ORM core version 5.4.27.Final
2022-06-13 13:51:01.373  INFO 16680 --- [main] o.hibernate.annotations.common.Version   : HCANN000001: Hibernate Commons Annotations {5.1.2.Final}
2022-06-13 13:51:01.615  INFO 16680 --- [main] org.hibernate.dialect.Dialect            : HHH000400: Using dialect: org.hibernate.dialect.MySQL8Dialect
2022-06-13 13:51:02.743  INFO 16680 --- [main] o.h.e.t.j.p.i.JtaPlatformInitiator       : HHH000490: Using JtaPlatform implementation: [org.hibernate.engine.transaction.jta.platform.internal.NoJtaPlatform]
2022-06-13 13:51:02.761  INFO 16680 --- [main] j.LocalContainerEntityManagerFactoryBean : Initialized JPA EntityManagerFactory for persistence unit 'default'
2022-06-13 13:51:04.059  WARN 16680 --- [main] JpaBaseConfiguration$JpaWebConfiguration : spring.jpa.open-in-view is enabled by default. Therefore, database queries may be performed during view rendering. Explicitly configure spring.jpa.open-in-view to disable this warning
2022-06-13 13:51:04.642  INFO 16680 --- [main] o.s.s.concurrent.ThreadPoolTaskExecutor  : Initializing ExecutorService 'applicationTaskExecutor'
2022-06-13 13:51:05.093  INFO 16680 --- [main] o.s.b.w.embedded.tomcat.TomcatWebServer  : Tomcat started on port(s): 8080 (http) with context path ''
2022-06-13 13:51:05.095  INFO 16680 --- [main] d.s.w.p.DocumentationPluginsBootstrapper : Context refreshed
2022-06-13 13:51:05.129  INFO 16680 --- [main] d.s.w.p.DocumentationPluginsBootstrapper : Found 1 custom documentation plugin(s)
2022-06-13 13:51:05.151  INFO 16680 --- [main] s.d.s.w.s.ApiListingReferenceScanner     : Scanning for api listing references
2022-06-13 13:51:05.408  INFO 16680 --- [main] com.example.bvs.BvsApplication           : Started BvsApplication in 14.462 seconds (JVM running for 15.503)
2022-06-13 13:51:11.983  INFO 16680 --- [http-nio-8080-exec-1] o.a.c.c.C.[Tomcat].[localhost].[/]       : Initializing Spring DispatcherServlet 'dispatcherServlet'
2022-06-13 13:51:11.986  INFO 16680 --- [http-nio-8080-exec-1] o.s.web.servlet.DispatcherServlet        : Initializing Servlet 'dispatcherServlet'
2022-06-13 13:51:11.989  INFO 16680 --- [http-nio-8080-exec-1] o.s.web.servlet.DispatcherServlet        : Completed initialization in 3 ms
2022-06-13 13:51:25.233 ERROR 16680 --- [task-1] .a.i.SimpleAsyncUncaughtExceptionHandler : Unexpected exception occurred invoking async method: public void com.example.bvs.service.RouterService.handleHttpClientRequest(java.lang.Object,java.lang.String,javax.servlet.http.HttpServletRequest)

java.lang.NullPointerException: Cannot invoke "javax.servlet.http.HttpSession.getAttribute(String)" because "httpSession" is null
	at com.example.bvs.service.RouterService.handleHttpClientRequest(RouterService.java:34) ~[classes/:na]
	at com.example.bvs.service.RouterService$$FastClassBySpringCGLIB$$62f08d3.invoke(<generated>) ~[classes/:na]
	at org.springframework.cglib.proxy.MethodProxy.invoke(MethodProxy.java:218) ~[spring-core-5.3.3.jar:5.3.3]
	at org.springframework.aop.framework.CglibAopProxy$CglibMethodInvocation.invokeJoinpoint(CglibAopProxy.java:779) ~[spring-aop-5.3.3.jar:5.3.3]
	at org.springframework.aop.framework.ReflectiveMethodInvocation.proceed(ReflectiveMethodInvocation.java:163) ~[spring-aop-5.3.3.jar:5.3.3]
	at org.springframework.aop.framework.CglibAopProxy$CglibMethodInvocation.proceed(CglibAopProxy.java:750) ~[spring-aop-5.3.3.jar:5.3.3]
	at org.springframework.aop.interceptor.AsyncExecutionInterceptor.lambda$invoke$0(AsyncExecutionInterceptor.java:115) ~[spring-aop-5.3.3.jar:5.3.3]
	at java.base/java.util.concurrent.FutureTask.run$$$capture(FutureTask.java:264) ~[na:na]
	at java.base/java.util.concurrent.FutureTask.run(FutureTask.java) ~[na:na]
	at java.base/java.util.concurrent.ThreadPoolExecutor.runWorker(ThreadPoolExecutor.java:1136) ~[na:na]
	at java.base/java.util.concurrent.ThreadPoolExecutor$Worker.run(ThreadPoolExecutor.java:635) ~[na:na]
	at java.base/java.lang.Thread.run(Thread.java:833) ~[na:na]

2022-06-13 13:53:07.539  WARN 16680 --- [HikariPool-1 housekeeper] com.zaxxer.hikari.pool.HikariPool        : HikariPool-1 - Thread starvation or clock leap detected (housekeeper delta=1m10s353ms164µs600ns).
2022-06-13 13:53:07.544 ERROR 16680 --- [task-2] .a.i.SimpleAsyncUncaughtExceptionHandler : Unexpected exception occurred invoking async method: public void com.example.bvs.service.RouterService.handleHttpClientRequest(java.lang.Object,java.lang.String,javax.servlet.http.HttpServletRequest)

java.lang.NullPointerException: Cannot invoke "javax.servlet.http.HttpSession.getAttribute(String)" because "httpSession" is null
	at com.example.bvs.service.RouterService.handleHttpClientRequest(RouterService.java:34) ~[classes/:na]
	at com.example.bvs.service.RouterService$$FastClassBySpringCGLIB$$62f08d3.invoke(<generated>) ~[classes/:na]
	at org.springframework.cglib.proxy.MethodProxy.invoke(MethodProxy.java:218) ~[spring-core-5.3.3.jar:5.3.3]
	at org.springframework.aop.framework.CglibAopProxy$CglibMethodInvocation.invokeJoinpoint(CglibAopProxy.java:779) ~[spring-aop-5.3.3.jar:5.3.3]
	at org.springframework.aop.framework.ReflectiveMethodInvocation.proceed(ReflectiveMethodInvocation.java:163) ~[spring-aop-5.3.3.jar:5.3.3]
	at org.springframework.aop.framework.CglibAopProxy$CglibMethodInvocation.proceed(CglibAopProxy.java:750) ~[spring-aop-5.3.3.jar:5.3.3]
	at org.springframework.aop.interceptor.AsyncExecutionInterceptor.lambda$invoke$0(AsyncExecutionInterceptor.java:115) ~[spring-aop-5.3.3.jar:5.3.3]
	at java.base/java.util.concurrent.FutureTask.run$$$capture(FutureTask.java:264) ~[na:na]
	at java.base/java.util.concurrent.FutureTask.run(FutureTask.java) ~[na:na]
	at java.base/java.util.concurrent.ThreadPoolExecutor.runWorker(ThreadPoolExecutor.java:1136) ~[na:na]
	at java.base/java.util.concurrent.ThreadPoolExecutor$Worker.run(ThreadPoolExecutor.java:635) ~[na:na]
	at java.base/java.lang.Thread.run(Thread.java:833) ~[na:na]

2022-06-13 13:53:07.602  INFO 16680 --- [SpringContextShutdownHook] o.s.s.concurrent.ThreadPoolTaskExecutor  : Shutting down ExecutorService 'applicationTaskExecutor'
2022-06-13 13:53:07.612  INFO 16680 --- [SpringContextShutdownHook] j.LocalContainerEntityManagerFactoryBean : Closing JPA EntityManagerFactory for persistence unit 'default'
2022-06-13 13:53:07.615  INFO 16680 --- [SpringContextShutdownHook] com.zaxxer.hikari.HikariDataSource       : HikariPool-1 - Shutdown initiated...
2022-06-13 13:53:07.656  INFO 16680 --- [SpringContextShutdownHook] com.zaxxer.hikari.HikariDataSource       : HikariPool-1 - Shutdown completed.
